<?xml version="1.0" encoding="UTF-8"?>
<!-- Generated by org.testng.reporters.JUnitReportReporter -->
<testsuite hostname="LAPTOP-DRTLMVO3" failures="0" tests="1" name="com.Actitime.Testscripts.CreateCustomer" time="16.940" errors="0" timestamp="2023-06-05T10:55:33 IST" skipped="0">
  <testcase classname="com.Actitime.Testscripts.CreateCustomer" name="createCustomer" time="16.940"/>
  <system-out/>
</testsuite> <!-- com.Actitime.Testscripts.CreateCustomer -->
